make.exe all --print-data-base --no-builtin-variables --no-builtin-rules --question
# GNU Make 3.81
# Copyright (C) 2006  Free Software Foundation, Inc.
# This is free software; see the source for copying conditions.
# There is NO warranty; not even for MERCHANTABILITY or FITNESS FOR A
# PARTICULAR PURPOSE.

# This program built for i386-pc-mingw32
 

# Make data base, printed on Sun Jun 13 21:06:33 2021

# Variables

# automatic
<D = $(patsubst %/,%,$(dir $<))
# automatic
?F = $(notdir $?)
# makefile
MAKEFLAGS = Rrqp
# environment
VSCODE_LOG_NATIVE = false
# automatic
?D = $(patsubst %/,%,$(dir $?))
# automatic
@D = $(patsubst %/,%,$(dir $@))
# environment
HOMEDRIVE = C:
# automatic
@F = $(notdir $@)
# automatic
^D = $(patsubst %/,%,$(dir $^))
# makefile
CURDIR := c:/Users/deive/Documents/GitHub/trabalho-pratico-deiverson/Trabalho
# default
SHELL := sh 
.exe
# environment
WINDIR = C:\Windows
# environment
VSCODE_NLS_CONFIG = {"locale":"pt-br","availableLanguages":{},"_languagePackSupport":true}
# environment
ONEDRIVE = C:\Users\deive\OneDrive
# environment
PATHEXT = .COM;.EXE;.BAT;.CMD;.VBS;.VBE;.JS;.JSE;.WSF;.WSH;.MSC
# makefile (from `makefile', line 1)
MAKEFILE_LIST :=  makefile
# environment
VSCODE_NODE_CACHED_DATA_DIR = C:\Users\deive\AppData\Roaming\Code\CachedData\b4c1bd0a9b03c749ea011b06c6d2676c8091a70c
# environment
TMP = C:\Users\deive\AppData\Local\Temp
# environment
VSCODE_VERBOSE_LOGGING = true
# environment
PROGRAMW6432 = C:\Program Files
# environment
PROGRAMDATA = C:\ProgramData
# environment
VSCODE_IPC_HOOK_EXTHOST = \\.\pipe\vscode-ipc-1b72ffd9-f207-451b-ae47-947c3153a08a-sock
# environment
VSCODE_CWD = C:\Users\deive\AppData\Local\Programs\Microsoft VS Code
# environment
PATH = C:\Program Files (x86)\Common Files\Oracle\Java\javapath;C:\Windows\system32;C:\Windows;C:\Windows\System32\Wbem;C:\Windows\System32\WindowsPowerShell\v1.0\;C:\Windows\System32\OpenSSH\;C:\Program Files\Git\cmd;C:\Program Files\Java\jdk1.8.0_271\bin;C:\MinGW\bin;C:\Users\deive\AppData\Local\Programs\Python\Python39\Scripts\;C:\Users\deive\AppData\Local\Programs\Python\Python39\;C:\Users\deive\AppData\Local\Microsoft\WindowsApps;C:\Users\deive\AppData\Local\GitHubDesktop\bin;C:\Program Files (x86)\GnuWin32\bin;C:\Users\deive\AppData\Local\Programs\Microsoft VS Code\bin;C:\Program Files (x86)\apache-maven-3.6.3\bin;C:\Program Files\JetBrains\PyCharm 2020.3.4\bin;;C:\MinGW\bin;
# environment
COMMONPROGRAMW6432 = C:\Program Files\Common Files
# environment
PROCESSOR_ARCHITECTURE = x86
# environment
USERPROFILE = C:\Users\deive
# environment
ALLUSERSPROFILE = C:\ProgramData
# environment
VSCODE_LOG_STACK = false
# environment
NUMBER_OF_PROCESSORS = 8
# environment
ELECTRON_RUN_AS_NODE = 1
# default
.FEATURES := target-specific order-only second-expansion else-if archives
# automatic
%F = $(notdir $%)
# environment
CHROME_CRASHPAD_PIPE_NAME = \\.\pipe\crashpad_18532_PMCMIDCYOXLIXEYJ
# environment
VSCODE_PIPE_LOGGING = true
# environment
COMPUTERNAME = LAPTOP-9OMP552O
# environment
PROGRAMFILES = C:\Program Files (x86)
# environment
DRIVERDATA = C:\Windows\System32\Drivers\DriverData
# environment
ORIGINAL_XDG_CURRENT_DESKTOP = undefined
# environment
USERNAME = deive
# environment
PUBLIC = C:\Users\Public
# environment
VSCODE_AMD_ENTRYPOINT = vs/workbench/services/extensions/node/extensionHostProcess
# environment
APPLICATION_INSIGHTS_NO_DIAGNOSTIC_CHANNEL = true
# environment
 
COMMONPROGRAMFILES = C:\Program Files (x86)\Common Files
# environment
LOGONSERVER = \\LAPTOP-9OMP552O
# environment
ONEDRIVECONSUMER = C:\Users\deive\OneDrive
# environment
VSCODE_HANDLES_UNCAUGHT_ERRORS = true
# environment
USERDOMAIN = LAPTOP-9OMP552O
# default
MAKE = $(MAKE_COMMAND)
# default
MAKECMDGOALS := all
# environment
JAVA_HOME = C:\Program Files\Java\jdk1.8.0_271
# default
MAKE_VERSION := 3.81
# makefile
.DEFAULT_GOAL := executa
# environment
PROGRAMFILES(X86) = C:\Program Files (x86)
# automatic
%D = $(patsubst %/,%,$(dir $%))
# environment
LOCALAPPDATA = C:\Users\deive\AppData\Local
# environment
PSMODULEPATH = C:\Program Files\WindowsPowerShell\Modules;C:\Windows\system32\WindowsPowerShell\v1.0\Modules
# default
MAKE_COMMAND := make.exe
# environment
PROCESSOR_ARCHITEW6432 = AMD64
# default
.VARIABLES := 
# automatic
*F = $(notdir $*)
# environment
PROCESSOR_IDENTIFIER = Intel64 Family 6 Model 142 Stepping 12, GenuineIntel
# environment
OS = Windows_NT
# environment
VSCODE_IPC_HOOK = \\.\pipe\8e870d72a231fbdab7ed0b5b85222853-1.57.0-main-sock
# environment
HOMEPATH = \Users\deive
# environment
COMMONPROGRAMFILES(X86) = C:\Program Files (x86)\Common Files
# environment
PROMPT = $P$G
# environment
MFLAGS = -Rrqp
# automatic
*D = $(patsubst %/,%,$(dir $*))
# environment
SYSTEMROOT = C:\Windows
# automatic
+D = $(patsubst %/,%,$(dir $+))
# automatic
+F = $(notdir $+)
# environment
APPDATA = C:\Users\deive\AppData\Roaming
# environment
TEMP = C:\Users\deive\AppData\Local\Temp
# environment
COMSPEC = C 
:\Windows\system32\cmd.exe
# default
MAKEFILES := 
# automatic
<F = $(notdir $<)
# environment
LC_ALL = C
# automatic
^F = $(notdir $^)
# default
SUFFIXES := 
# environment
SYSTEMDRIVE = C:
# environment
SESSIONNAME = Console
# environment
PROCESSOR_REVISION = 8e0c
# environment
PYCHARM = C:\Program Files\JetBrains\PyCharm 2020.3.4\bin;
# environment
MAKELEVEL := 0
# environment
LANG = C
# environment
PROCESSOR_LEVEL = 6
# environment
VSCODE_PID = 18532
# environment
USERDOMAIN_ROAMINGPROFILE = LAPTOP-9OMP552O
# variable set hash-table stats:
# Load=89/1024=9%, Rehash=0, Collisions=5/99=5%

# Pattern-specific Variable Values

# No pattern-specific variable values.

# Directories

# : could not be stat'd.
# C:\Program Files\JetBrains\PyCharm 2020.3.4\bin (key C:/Program Files/JetBrains/PyCharm 2020.3.4/bin, mtime 1621953757): 28 files, no impossibilities.
# C:\Windows\System32\WindowsPowerShell\v1.0\ (key C:/Windows/System32/WindowsPowerShell/v1.0/, mtime 1608826867): 29 files, no impossibilities.
# C:\Windows 
\System32\Wbem (key C:/Windows/System32/Wbem, mtime 1621020549): 155 files, no impossibilities.
# . (key c:/Users/deive/Documents/GitHub/trabalho-pratico-deiverson/Trabalho, mtime 1623629165): 16 files, no impossibilities.
# C:\Users\deive\AppData\Local\Programs\Microsoft VS Code\bin (key C:/Users/deive/AppData/Local/Programs/Microsoft VS Code/bin, mtime 1623502108): 4 files, no impossibilities.
# C:\MinGW\bin (key C:/MinGW/bin, mtime 1622058532): 57 files, no impossibilities.
# C:\Windows\System32\OpenSSH\: could not be stat'd.
# C:\Program Files (x86)\Common Files\Oracle\Java\javapath (key C:/Program Files (x86)/Common Files/Oracle/Java/javapath, mtime 1611510882): 5 files, no impossibilities.
# C:\Windows (key C:/Windows, mtime 1623361144): 114 files, no impossibilities.
# C:\Users\deive\AppData\Local\Programs\Python\Python39\ (key C:/Users/deive/AppData/Local/Programs/Python/Python39/, mtime 1622472733): 18 files, no impossibilities.
# C:\Users\deive\AppData\Local\GitHubDesktop\bin (key C:/Users/deive/App 
Data/Local/GitHubDesktop/bin, mtime 1612476182): 4 files, no impossibilities.
# C:\Program Files\Java\jdk1.8.0_271\bin (key C:/Program Files/Java/jdk1.8.0_271/bin, mtime 1610457260): 54 files, no impossibilities.
# C:\Users\deive\AppData\Local\Microsoft\WindowsApps (key C:/Users/deive/AppData/Local/Microsoft/WindowsApps, mtime 1623204272): 12 files, no impossibilities.
# C:\Users\deive\AppData\Local\Programs\Python\Python39\Scripts\ (key C:/Users/deive/AppData/Local/Programs/Python/Python39/Scripts/, mtime  
1622472783): 6 files, no impossibilities.
# C:\Program Files (x86)\apache-maven-3.6.3\bin (key C:/Program Files (x86)/apache-maven-3.6.3/bin, mtime 1573140738): 8 files, no impossibilities.
# C:\Program Files\Git\cmd (key C:/Program Files/Git/cmd, mtime 1608642917): 8 files, no impossibilities.
# C:\Windows\system32 (key C:/Windows/system32, mtime 1623604915): 2834 files, no impossibilities.
# C:\Program Files (x86)\GnuWin32\bin (key C:/Program Files (x86)/GnuWin32/bin, mtime 1611235165): 5 files, no impossibilities.

# 3357 files, no impossibilities in 19 directories.

# Implicit Rules

# No implicit rules.

# Files

executa: main.exe
#  Implicit rule search has not been done.
#  Modification time never checked.
#  File has not been updated.

# Not a target:
all:
#  Command-line target.
#  Implicit rule search has not been done.
#  Modification time never checked.
#  File has not been updated.

# Not a target:
.DEFAULT:
#  Implicit rule search has not been done.
#  Modification time never checked.
#  File ha 
makefile:2: *** missing separator (did you mean TAB instead of 8 spaces?).  Stop.
 
s not been updated.

# Not a target:
makefile:
#  Implicit rule search has not been done.
#  Modification time never checked.
#  File has not been updated.

# Not a target:
.SUFFIXES:
#  Implicit rule search has not been done.
#  Modification time never checked.
#  File has not been updated.

# files hash-table stats:
# Load=5/1024=0%, Rehash=0, Collisions=0/6=0%
# VPATH Search Paths

# No `vpath' search paths.

# No general (`VPATH' variable) search path.

# # of strings in strcache: 1
# # of strcache buffers: 1
# strcache size: total = 4096 / max = 4096 / min = 4096 / avg = 4096
# strcache free: total = 4087 / max = 4087 / min = 4087 / avg = 4087

# Finished Make data base on Sun Jun 13 21:06:33 2021

 
