make.exe all --print-data-base --no-builtin-variables --no-builtin-rules --question
# GNU Make 3.81
# Copyright (C) 2006  Free Software Foundation, Inc.
# This is free software; see the source for copying conditions.
# There is NO warranty; not even for MERCHANTABILITY or FITNESS FOR A
# PARTICULAR PURPOSE.

# This program built for i386-pc-mingw32
 

# Make data base, printed on Thu Aug 12 15:40:16 2021

# Variables

# automatic
<D = $(patsubst %/,%,$(dir $<))
# automatic
?F = $(notdir $?)
# makefile
MAKEFLAGS = Rrqp
# environment
VSCODE_LOG_NATIVE = false
# automatic
?D = $(patsubst %/,%,$(dir $?))
# automatic
@D = $(patsubst %/,%,$(dir $@))
# environment
HOMEDRIVE = C:
# automatic
@F = $(notdir $@)
# automatic
^D = $(patsubst %/,%,$(dir $^))
# makefile
CURDIR := c:/Users/deive/Documents/GitHub/trabalho-pratico-deiverson/src
# default
SHELL := sh.exe
# environment
WINDIR = C:\Windows
# environment
VSCODE_NLS_CONFIG = {"locale":"pt-br","availableLanguages":{},"_languagePackSupport":true}
# environment
VBOX_MSI_INSTALL_PATH = C:\Program Files\Oracle\VirtualBox\
# environment
ONEDRIVE = C:\Users\deive\OneDrive
# environment
PATHEXT = .COM;.EXE;.BAT;.CMD;.VBS;.VBE;.JS;.JSE;.WSF;.WSH;.MSC
# makefile (from `makefile', line 1)
MAKEFILE_LIST :=  makefile
# environment
TMP = C:\Users\deive\AppData\Local\Temp
# environment
VSCODE_VERBOSE_LOGGING = true
# environment
PROGRAMW6432 = C:\Program Files
# environment
PROGRAMDATA = C:\ProgramData
# environment
VSCODE_IPC_HOOK_EXTHOST = \\.\pipe\vscode-ipc-0666be02-8406-447f-a043-f3b859091acd-sock
# environment
VSCODE_CWD = C:\Users\deive\AppData\Local\Programs\Microsoft VS Code
# environment
PATH = C:\Program Files\CodeBlocks\MinGW\bin;C:\Program Files\Java\jdk-16.0.1+9\bin;C:\Program Files\Git\cmd;C:\Program Files (x86)\Common Files\Oracle\Java\javapath;C:\Windows\system32;C:\Windows;C:\Windows\System32\Wbem;C:\Windows\System32\WindowsPowerShell\v1.0\;C:\Windows\System32\OpenSSH\;C:\Program Files\Java\jdk1.8.0_271\bin;C:\Users\deive\AppData\Local\Programs\Python\Python39\Scripts\;C:\Users\deive\AppData\Local\Programs\Python\Python39\;C:\Users\deive\AppData\Local\Microsoft\WindowsApps;C:\Users\deive\AppData\Local\GitHubDesktop\bin;C:\Program Files (x86)\GnuWin32\bin;C:\Program Files (x86)\apache-maven-3.6.3\bin;C:\Program Files\JetBrains\PyCharm 2020.3.4\bin;;C:\Program Files\CodeBlocks\MinGW\bin;C:\Users\deive\AppData\Local\Programs\Microsoft VS Code\bin;
# environment
COMMONPROGRAMW6432 = C:\Program Files\Common Files
# environment
PROCESSOR_ARCHITECTURE = x86
# environment
USERPROFILE = C:\Users\deive
# environment
ALLUSERSPROFILE = C:\ProgramData
# environment
VSCODE_LOG_STACK = false
# environment
NUMBER_OF_PROCESSORS = 8
# environment
ELECTRON_RUN_AS_NODE = 1
# default
.FEATURES := target-specific order-only second-expansion else-if archives
# makefile (from `makefile', line 8)
DIR = ""
# automatic
%F = $(notdir $%)
# environment
CHROME_CRASHPAD_PIPE_NAME = \\.\pipe\crashpad_20232_RYLKPWGGMFOILDZP
# environment
VSCODE_PIPE_LOGGING = true
# environment
COMPUTERNAME = LAPTOP-9OMP552O
# environment
PROGRAMFILES = C:\Program Files (x86)
# environment
DRIVERDATA = C:\Windows\System32\Drivers\DriverData
# environment
ORIGINAL_XDG_CURRENT_DESKTOP = undefined
# environment
USERNAME = deive
# environment
PUBLIC = C:\Users\Public
# environment
VSCODE_AMD_ENTRYPOINT = vs/workbench/services/extensions/node/extensionHostProcess
# environment
VSCODE_CODE_CACHE_PATH = C:\Users\deive\AppData\Roaming\Code\CachedData\379476f0e13988d90fab105c5c19e7abc8b1dea8
# environment
APPLICATION_INSIGHTS_NO_DIAGNOSTIC_CHANNEL = true
# environment
COMMONPROGRAMFILES = C:\Program Files (x86)\Common Files
# environment
LOGONSERVER = \\LAPTOP-9OMP552O
# environment
ONEDRIVECONSUMER = C:\Users\deive\OneDrive
# environment
VSCODE_HANDLES_UNCAUGHT_ERRORS = true
# environment
USERDOMAIN = LAPTOP-9OMP552O
# default
MAKE = $(MAKE_COMMAND)
# default
MAKECMDGOALS := all
# environment
JAVA_HOME = C:\Program Files\Java\jdk-16.0.1+9
# default
MAKE_VERSION := 3.81
# makefile
.DEFAULT_GOAL := all
# environment
PROGRAMFILES(X86) = C:\Program Files (x86)
# automatic
%D = $(patsubst %/,%,$(dir $%))
# environment
LOCALAPPDATA = C:\Users\deive\AppData\Local
# environment
PSMODULEPATH = C:\Program Files\WindowsPowerShell\Modules;C:\Windows\system32\WindowsPowerShell\v1.0\Modules
# default
MAKE_COMMAND := make.exe
# environment
PROCESSOR_ARCHITEW6432 = AMD64
# default
.VARIABLES := 
# automatic
*F = $(notdir $*)
# environment
PROCESSOR_IDENTIFIER = Intel64 Family 6 Model 142 Stepping 12, GenuineIntel
# environment
OS = Windows_NT
# environment
VSCODE_IPC_HOOK = \\.\pipe\8e870d72a231fbdab7ed0b5b85222853-1.59.0-main-sock
# environment
HOMEPATH = \Users\deive
# environment
COMMONPROGRAMFILES(X86) = C:\Program Files (x86)\Common Files
# environment
PROMPT = $P$G
# environment
MFLAGS = -Rrqp
# automatic
*D = $(patsubst %/,%,$(dir $*))
# environment
SYSTEMROOT = C:\Windows
# automatic
+D = $(patsubst %/,%,$(dir $+))
# automatic
+F = $(notdir $+)
# environment
APPDATA = C:\Users\deive\AppData\Roaming
# environment
TEMP = C:\Users\deive\AppData\Local\Temp
# environment
COMSPEC = C:\Windows\system32\cmd.exe
# default
MAKEFILES := 
# environment
VSCODE_BROWSER_CODE_LOADING = bypassHeatCheck
# automatic
<F = $(notdir $<)
# environment
LC_ALL = C
# automatic
^F = $(notdir $^)
# default
SUFFIXES := 
# environment
SYSTEMDRIVE = C:
# environment
SESSIONNAME = Console
# environment
PROCESSOR_REVISION = 8e0c
# environment
PYCHARM = C:\Program Files\JetBrains\PyCharm 2020.3.4\bin;
# environment
MAKELEVEL := 0
# environment
LANG = C
# environment
PROCESSOR_LEVEL = 6
# environment
VSCODE_PID = 20232
# environment
USERDOMAIN_ROAMINGPROFILE = LAPTOP-9OMP552O
# variable set hash-table stats:
# Load=92/1024=9%, Rehash=0, Collisions=9/114=8%

# Pattern-specific Variable Values

# No pattern-specific variable values.

# Directories

# : could not be stat'd.
# C:\Program Files\JetBrains\PyCharm 2020.3.4\bin (key C:/Program Files/JetBrains/PyCharm 2020.3.4/bin, mtime 1621953757): 28 files, no impossibilities.
# C:\Windows\System32\WindowsPowerShell\v1.0\ (key C:/Windows/System32/WindowsPowerShell/v1.0/, mtime 1608826867): 29 files, no impossibilities.
# C:\Windows\System32\Wbem (key C:/Windows/System32/Wbem, mtime 1625764714): 155 files, no impossibilities.
# . (key c:/Users/deive/Documents/GitHub/trabalho-pratico-deiverson/src, mtime 1628793610): 25 files, no impossibilities.
# C:\Program Files\CodeBlocks\MinGW\bin (key C:/Program Files/CodeBlocks/MinGW/bin, mtime 1622056820): 58 files, no impossibilities.
# C:\Users\deive\AppData\Local\Programs\Microsoft VS Code\bin (key C:/Users/deive/AppData/Local/Programs/Microsoft VS Code/bin, mtime 1628187485): 4 files, no impossibilities.
# C:\Windows\System32\OpenSSH\: could not be stat'd.
# C:\Program Files (x86)\Common Files\Oracle\Java\javapath (key C:/Program Files (x86)/Common Files/Oracle/Java/javapath, mtime 1611510882): 5 files, no impossibilities.
# C:\Windows (key C:/Windows, mtime 1626462559): 114 files, no impossibilities.
# C:\Users\deive\AppData\Local\Programs\Python\Python39\ (key C:/Users/deive/AppData/Local/Programs/Python/Python39/, mtime 1628605064): 19 files, no impossibilities.
# C:\Users\deive\AppData\Local\GitHubDesktop\bin (key C:/Users/deive/AppData/Local/GitHubDesktop/bin, mtime 1612476182): 4 files, no impossibilities.
# C:\Program Files\Java\jdk1.8.0_271\bin (key C:/Program Files/Java/jdk1.8.0_271/bin, mtime 1610457260): 54 files, no impossibilities.
# C:\Users\deive\AppData\Local\Microsoft\WindowsApps (key C:/Users/deive/AppData/Local/Microsoft/WindowsApps, mtime 1626377513): 12 files, no impossibilities.
# C:\Users\deive\AppData\Local\Programs\Python\Python39\Scripts\ (key C:/Users/deive/AppData/Local/Programs/Python/Python39/Scripts/, mtime 1628606370): 8 files, no impossibilities.
# C:\Program Files (x86)\apache-maven-3.6.3\bin (key C:/Program Files (x86)/apache-maven-3.6.3/bin, mtime 1573140738): 8 files, no impossibilities.
# C:\Program Files\Java\jdk-16.0.1+9\bin (key C:/Program Files/Java/jdk-16.0.1+9/bin, mtime 1619038436): 124 files, no impossibilities.
# C:\Program Files\Git\cmd (key C:/Program Files/Git/cmd, mtime 1608642917): 8 files, no impossibilities.
# C:\Windows\system32 (key C:/Windows/system32, mtime 1628433494): 2835 files, no impossibilities.
# C:\Program Files (x86)\GnuWin32\bin (key C:/Program Files (x86)/GnuWin32/bin, mtime 1611235165): 5 files, no impossibilities.

# 3495 files, no impossibilities in 20 directories.

# Implicit Rules

# No implicit rules.

# Files

a: main.cpp artists.cpp tracks.cpp functeste.cpp
#  Implicit rule search has not been done.
#  Implicit/static pattern stem: `'
#  File does not exist.
#  File has been updated.
#  Needs to be updated (-q is set).
# automatic
# @ := a
# automatic
# % := 
# automatic
# * := 
# automatic
# + := main.cpp artists.cpp tracks.cpp functeste.cpp
# automatic
# | := 
# automatic
# < := main.cpp
# automatic
# ^ := main.cpp artists.cpp tracks.cpp functeste.cpp
# automatic
# ? := main.cpp artists.cpp tracks.cpp functeste.cpp
# variable set hash-table stats:
# Load=8/32=25%, Rehash=0, Collisions=1/10=10%
#  commands to execute (from `makefile', line 4):
	g++ main.cpp artists.cpp tracks.cpp functeste.cpp Ordenacao.cpp tabelahash.cpp -o main.exe
	

# Not a target:
functeste.cpp:
#  Implicit rule search has been done.
#  Last modified 2021-08-11 20:23:13
#  File has been updated.
#  Successfully updated.
# variable set hash-table stats:
# Load=0/32=0%, Rehash=0, Collisions=0/0=0%

all: a
#  Command-line target.
#  Implicit rule search has been done.
#  File does not exist.
#  File has been updated.
#  Needs to be updated (-q is set).
# variable set hash-table stats:
# Load=0/32=0%, Rehash=0, Collisions=0/2=0%

# Not a target:
.DEFAULT:
#  Implicit rule search has not been done.
#  Modification time never checked.
#  File has not been updated.

# Not a target:
makefile:
#  Implicit rule search has been done.
#  Last modified 2021-08-11 20:23:13
#  File has been updated.
#  Successfully upda 
ted.
# variable set hash-table stats:
# Load=0/32=0%, Rehash=0, Collisions=0/0=0%

# Not a target:
artists.cpp:
#  Implicit rule search has been done.
#  Last modified 2021-08-11 20:23:13
#  File has been updated.
#  Successfully updated.
# variable set hash-table stats:
# Load=0/32=0%, Rehash=0, Collisions=0/0=0%

# Not a target:
main.cpp:
#  Implicit rule search has been done.
#  Last modified 2021-08-11 20:23:13
#  File has been updated.
#  Successfully updated.
# variable set hash-table stats:
# Load=0/32=0%, Rehash=0, Collisions=0/0=0%

# Not a target:
.SUFFIXES:
#  Implicit rule search has not been done.
#  Modification time never checked.
#  File has not been updated.

run: a
#  Implicit rule search has not been done.
#  Modification time never checked.
#  File has not been updated.
#  commands to execute (from `makefile', line 11):
	.\main.exe $(DIR)
	

clean:
#  Implicit rule search has not been done.
#  Modification time never checked.
#  File has not been updated.
#  commands to execute (from `makefile', line 6):
	del /S *.exe
	

# Not a target:
tracks.cpp:
#  Implicit rule search has been done.
#  Last modified 2021-08-11 20:23:49
#  File has been updated.
#  Successfully updated.
# variable set hash-table stats:
# Load=0/32=0%, Rehash=0, Collisions=0/0=0%

# files hash-table stats:
# Load=11/1024=1%, Rehash=0, Collisions=0/30=0%
# VPATH Search Paths

# No `vpath' search paths.

# No general (`VPATH' variable) search path.

# # of strings in strcache: 1
# # of strcache buffers: 1
# strcache size: total = 4096 / max = 4096 / min = 4096 / avg = 4096
# strcache free: total = 4087 / max = 4087 / min = 4087 / avg = 4087

# Finished Make data base on Thu Aug 12 15:40:16 2021

 
